
Showing logs for build [32mcb-kubecd-environment-pr-169-13-l5pjq-1[0m stage [32mfrom-build-pack[0m and container [32mstep-credential-initializer-x4z5t[0m
{"level":"warn","ts":1582921912.9774964,"logger":"fallback-logger","caller":"logging/config.go:69","msg":"Fetch GitHub commit ID from kodata failed: \"ref: refs/heads/0.8.0-**-support-backwards-incompats\" is not a valid GitHub commit ID"}
{"level":"info","ts":1582921912.980287,"logger":"fallback-logger","caller":"creds-init/main.go:40","msg":"Credentials initialized."}

Showing logs for build [32mcb-kubecd-environment-pr-169-13-l5pjq-1[0m stage [32mfrom-build-pack[0m and container [32mstep-working-dir-initializer-xn2pb[0m
{"level":"warn","ts":1582921914.0761008,"logger":"fallback-logger","caller":"logging/config.go:69","msg":"Fetch GitHub commit ID from kodata failed: open /var/run/ko/HEAD: no such file or directory"}
{"level":"info","ts":1582921914.1092832,"logger":"fallback-logger","caller":"bash/main.go:64","msg":"Successfully executed command \"sh -c mkdir -p /workspace/source\"; output "}

Showing logs for build [32mcb-kubecd-environment-pr-169-13-l5pjq-1[0m stage [32mfrom-build-pack[0m and container [32mstep-place-tools[0m

Showing logs for build [32mcb-kubecd-environment-pr-169-13-l5pjq-1[0m stage [32mfrom-build-pack[0m and container [32mstep-git-source-cb-kubecd-environment-pr-169-13-l5pjq-bvs2q[0m
{"level":"warn","ts":1582921919.6336863,"logger":"fallback-logger","caller":"logging/config.go:69","msg":"Fetch GitHub commit ID from kodata failed: \"ref: refs/heads/0.8.0-**-support-backwards-incompats\" is not a valid GitHub commit ID"}
{"level":"info","ts":1582921920.958035,"logger":"fallback-logger","caller":"git/git.go:103","msg":"Successfully cloned https://github.com/cb-kubecd/environment-pr-169-13-boot-gke-staging.git @ master in path /workspace/source"}

Showing logs for build [32mcb-kubecd-environment-pr-169-13-l5pjq-1[0m stage [32mfrom-build-pack[0m and container [32mstep-git-merge[0m
Using SHAs from PULL_REFS=master:251f086ad3afbd7c0f269b5c79c3956d4f49dc8c,1:cb07d51e52c63c5055bd47fe863b3fd681ba8e69
DEBUG: LC_ALL=C JX_LOG_LEVEL=error git fetch origin --unshallow cb07d51e52c63c5055bd47fe863b3fd681ba8e69: 251f086ad3afbd7c0f269b5c79c3956d4f49dc8c:
DEBUG: ran git fetch --unshallow origin cb07d51e52c63c5055bd47fe863b3fd681ba8e69: 251f086ad3afbd7c0f269b5c79c3956d4f49dc8c: in 
DEBUG: LC_ALL=C JX_LOG_LEVEL=error git branch
DEBUG: JX_LOG_LEVEL=error LC_ALL=C git checkout master
DEBUG: ran git checkout master in 
DEBUG: LC_ALL=C JX_LOG_LEVEL=error git reset --hard 251f086ad3afbd7c0f269b5c79c3956d4f49dc8c
DEBUG: ran git reset --hard 251f086ad3afbd7c0f269b5c79c3956d4f49dc8c in 
DEBUG: LC_ALL=C JX_LOG_LEVEL=error git clean -fd .
DEBUG: ran clean --force -d . in 
DEBUG: LC_ALL=C JX_LOG_LEVEL=error git merge cb07d51e52c63c5055bd47fe863b3fd681ba8e69
DEBUG: ran git merge cb07d51e52c63c5055bd47fe863b3fd681ba8e69 in 
DEBUG: LC_ALL=C JX_LOG_LEVEL=error git log --format=%H%x1f%an%x1f%ae%x1f%cn%x1f%ce%x1f%s%n%b%x1e 251f086ad3afbd7c0f269b5c79c3956d4f49dc8c..HEAD
Merged SHA cb07d51e52c63c5055bd47fe863b3fd681ba8e69 with commit message 'chore: Promote bdd-spring-1582921566 to version 0.0.1' into base branch master

Showing logs for build [32mcb-kubecd-environment-pr-169-13-l5pjq-1[0m stage [32mfrom-build-pack[0m and container [32mstep-build-helm-build[0m
WARNING: No $CHART_REPOSITORY defined so using the default value of: http://jenkins-x-chartmuseum:8080
Adding missing Helm repo: storage.googleapis.com https://storage.googleapis.com/chartmuseum.jenkins-x.io
WARNING: No secrets found on "helm/repos" due: reading the secret "helm/repos" from vault: no secret "helm/repos" not found in vault
Read credentials for https://storage.googleapis.com/chartmuseum.jenkins-x.io from vault helm/repos
Successfully added Helm repository storage.googleapis.com.
Adding missing Helm repo: jenkins-x-chartmuseum http://jenkins-x-chartmuseum:8080
WARNING: No secrets found on "helm/repos" due: reading the secret "helm/repos" from vault: no secret "helm/repos" not found in vault
Read credentials for http://jenkins-x-chartmuseum:8080 from vault helm/repos
Successfully added Helm repository jenkins-x-chartmuseum.
WARNING: No $CHART_REPOSITORY defined so using the default value of: http://jenkins-x-chartmuseum:8080
Adding missing Helm repo: chartmuseum.jenkins-x.io http://chartmuseum.jenkins-x.io
WARNING: No secrets found on "helm/repos" due: reading the secret "helm/repos" from vault: no secret "helm/repos" not found in vault
Read credentials for http://chartmuseum.jenkins-x.io from vault helm/repos
Successfully added Helm repository chartmuseum.jenkins-x.io.
