
Showing logs for build [32mcb-kubecd-environment-pr-169-13-hhhz9-1[0m stage [32mfrom-build-pack[0m and container [32mstep-credential-initializer-5bblj[0m
{"level":"warn","ts":1582926850.6043043,"logger":"fallback-logger","caller":"logging/config.go:69","msg":"Fetch GitHub commit ID from kodata failed: \"ref: refs/heads/0.8.0-**-support-backwards-incompats\" is not a valid GitHub commit ID"}
{"level":"info","ts":1582926850.6051342,"logger":"fallback-logger","caller":"creds-init/main.go:40","msg":"Credentials initialized."}

Showing logs for build [32mcb-kubecd-environment-pr-169-13-hhhz9-1[0m stage [32mfrom-build-pack[0m and container [32mstep-working-dir-initializer-kvhz4[0m
{"level":"warn","ts":1582926851.566623,"logger":"fallback-logger","caller":"logging/config.go:69","msg":"Fetch GitHub commit ID from kodata failed: open /var/run/ko/HEAD: no such file or directory"}
{"level":"info","ts":1582926851.5684042,"logger":"fallback-logger","caller":"bash/main.go:64","msg":"Successfully executed command \"sh -c mkdir -p /workspace/source\"; output "}

Showing logs for build [32mcb-kubecd-environment-pr-169-13-hhhz9-1[0m stage [32mfrom-build-pack[0m and container [32mstep-place-tools[0m

Showing logs for build [32mcb-kubecd-environment-pr-169-13-hhhz9-1[0m stage [32mfrom-build-pack[0m and container [32mstep-git-source-cb-kubecd-environment-pr-169-13-hhhz9-5gs65[0m
{"level":"warn","ts":1582926855.7152581,"logger":"fallback-logger","caller":"logging/config.go:69","msg":"Fetch GitHub commit ID from kodata failed: \"ref: refs/heads/0.8.0-**-support-backwards-incompats\" is not a valid GitHub commit ID"}
{"level":"info","ts":1582926856.7541292,"logger":"fallback-logger","caller":"git/git.go:103","msg":"Successfully cloned https://github.com/cb-kubecd/environment-pr-169-13-boot-gke-staging.git @ master in path /workspace/source"}

Showing logs for build [32mcb-kubecd-environment-pr-169-13-hhhz9-1[0m stage [32mfrom-build-pack[0m and container [32mstep-git-merge[0m
Using SHAs from PULL_REFS=master:d172b3c9ee1bcbd76a83a6957fdae753a5aca080,8:f1cace082ad94e1ee46d5ffdd6de37656cbec265
DEBUG: LC_ALL=C JX_LOG_LEVEL=error git fetch origin --unshallow f1cace082ad94e1ee46d5ffdd6de37656cbec265: d172b3c9ee1bcbd76a83a6957fdae753a5aca080:
DEBUG: ran git fetch --unshallow origin f1cace082ad94e1ee46d5ffdd6de37656cbec265: d172b3c9ee1bcbd76a83a6957fdae753a5aca080: in 
DEBUG: LC_ALL=C JX_LOG_LEVEL=error git branch
DEBUG: LC_ALL=C JX_LOG_LEVEL=error git checkout master
DEBUG: ran git checkout master in 
DEBUG: LC_ALL=C JX_LOG_LEVEL=error git reset --hard d172b3c9ee1bcbd76a83a6957fdae753a5aca080
DEBUG: ran git reset --hard d172b3c9ee1bcbd76a83a6957fdae753a5aca080 in 
DEBUG: LC_ALL=C JX_LOG_LEVEL=error git clean -fd .
DEBUG: ran clean --force -d . in 
DEBUG: LC_ALL=C JX_LOG_LEVEL=error git merge f1cace082ad94e1ee46d5ffdd6de37656cbec265
DEBUG: ran git merge f1cace082ad94e1ee46d5ffdd6de37656cbec265 in 
DEBUG: LC_ALL=C JX_LOG_LEVEL=error git log --format=%H%x1f%an%x1f%ae%x1f%cn%x1f%ce%x1f%s%n%b%x1e d172b3c9ee1bcbd76a83a6957fdae753a5aca080..HEAD
Merged SHA f1cace082ad94e1ee46d5ffdd6de37656cbec265 with commit message 'chore: Promote bdd-sbrp-import-1582924975 to version 0.0.1' into base branch master

Showing logs for build [32mcb-kubecd-environment-pr-169-13-hhhz9-1[0m stage [32mfrom-build-pack[0m and container [32mstep-build-helm-build[0m
WARNING: No $CHART_REPOSITORY defined so using the default value of: http://jenkins-x-chartmuseum:8080
Adding missing Helm repo: storage.googleapis.com https://storage.googleapis.com/chartmuseum.jenkins-x.io
WARNING: No secrets found on "helm/repos" due: reading the secret "helm/repos" from vault: no secret "helm/repos" not found in vault
Read credentials for https://storage.googleapis.com/chartmuseum.jenkins-x.io from vault helm/repos
Successfully added Helm repository storage.googleapis.com.
Adding missing Helm repo: jenkins-x-chartmuseum http://jenkins-x-chartmuseum:8080
WARNING: No secrets found on "helm/repos" due: reading the secret "helm/repos" from vault: no secret "helm/repos" not found in vault
Read credentials for http://jenkins-x-chartmuseum:8080 from vault helm/repos
Successfully added Helm repository jenkins-x-chartmuseum.
WARNING: No $CHART_REPOSITORY defined so using the default value of: http://jenkins-x-chartmuseum:8080
Adding missing Helm repo: chartmuseum.jenkins-x.io http://chartmuseum.jenkins-x.io
WARNING: No secrets found on "helm/repos" due: reading the secret "helm/repos" from vault: no secret "helm/repos" not found in vault
Read credentials for http://chartmuseum.jenkins-x.io from vault helm/repos
Successfully added Helm repository chartmuseum.jenkins-x.io.
