
Showing logs for build [32mcb-kubecd-environment-pr-169-13-w4sxj-1[0m stage [32mfrom-build-pack[0m and container [32mstep-credential-initializer-5xnbf[0m
{"level":"warn","ts":1582924498.411884,"logger":"fallback-logger","caller":"logging/config.go:69","msg":"Fetch GitHub commit ID from kodata failed: \"ref: refs/heads/0.8.0-**-support-backwards-incompats\" is not a valid GitHub commit ID"}
{"level":"info","ts":1582924498.4124112,"logger":"fallback-logger","caller":"creds-init/main.go:40","msg":"Credentials initialized."}

Showing logs for build [32mcb-kubecd-environment-pr-169-13-w4sxj-1[0m stage [32mfrom-build-pack[0m and container [32mstep-working-dir-initializer-nh5l2[0m
{"level":"warn","ts":1582924499.5892258,"logger":"fallback-logger","caller":"logging/config.go:69","msg":"Fetch GitHub commit ID from kodata failed: open /var/run/ko/HEAD: no such file or directory"}
{"level":"info","ts":1582924499.5902975,"logger":"fallback-logger","caller":"bash/main.go:64","msg":"Successfully executed command \"sh -c mkdir -p /workspace/source\"; output "}

Showing logs for build [32mcb-kubecd-environment-pr-169-13-w4sxj-1[0m stage [32mfrom-build-pack[0m and container [32mstep-place-tools[0m

Showing logs for build [32mcb-kubecd-environment-pr-169-13-w4sxj-1[0m stage [32mfrom-build-pack[0m and container [32mstep-git-source-cb-kubecd-environment-pr-169-13-w4sxj-z2njp[0m
{"level":"warn","ts":1582924503.797112,"logger":"fallback-logger","caller":"logging/config.go:69","msg":"Fetch GitHub commit ID from kodata failed: \"ref: refs/heads/0.8.0-**-support-backwards-incompats\" is not a valid GitHub commit ID"}
{"level":"info","ts":1582924504.8340125,"logger":"fallback-logger","caller":"git/git.go:103","msg":"Successfully cloned https://github.com/cb-kubecd/environment-pr-169-13-boot-gke-staging.git @ master in path /workspace/source"}

Showing logs for build [32mcb-kubecd-environment-pr-169-13-w4sxj-1[0m stage [32mfrom-build-pack[0m and container [32mstep-git-merge[0m
Using SHAs from PULL_REFS=master:84c93c3335565931c0582712388cbfcae8c3dcc8,4:dc0cc9b6a7755b868ff16a57c6c6c887c0feab7c
DEBUG: LC_ALL=C JX_LOG_LEVEL=error git fetch origin --unshallow dc0cc9b6a7755b868ff16a57c6c6c887c0feab7c: 84c93c3335565931c0582712388cbfcae8c3dcc8:
DEBUG: ran git fetch --unshallow origin dc0cc9b6a7755b868ff16a57c6c6c887c0feab7c: 84c93c3335565931c0582712388cbfcae8c3dcc8: in 
DEBUG: LC_ALL=C JX_LOG_LEVEL=error git branch
DEBUG: LC_ALL=C JX_LOG_LEVEL=error git checkout master
DEBUG: ran git checkout master in 
DEBUG: LC_ALL=C JX_LOG_LEVEL=error git reset --hard 84c93c3335565931c0582712388cbfcae8c3dcc8
DEBUG: ran git reset --hard 84c93c3335565931c0582712388cbfcae8c3dcc8 in 
DEBUG: LC_ALL=C JX_LOG_LEVEL=error git clean -fd .
DEBUG: ran clean --force -d . in 
DEBUG: LC_ALL=C JX_LOG_LEVEL=error git merge dc0cc9b6a7755b868ff16a57c6c6c887c0feab7c
DEBUG: ran git merge dc0cc9b6a7755b868ff16a57c6c6c887c0feab7c in 
DEBUG: LC_ALL=C JX_LOG_LEVEL=error git log --format=%H%x1f%an%x1f%ae%x1f%cn%x1f%ce%x1f%s%n%b%x1e 84c93c3335565931c0582712388cbfcae8c3dcc8..HEAD
Merged SHA dc0cc9b6a7755b868ff16a57c6c6c887c0feab7c with commit message 'chore: Promote bdd-nh-1582922656 to version 0.0.1' into base branch master

Showing logs for build [32mcb-kubecd-environment-pr-169-13-w4sxj-1[0m stage [32mfrom-build-pack[0m and container [32mstep-build-helm-build[0m
WARNING: No $CHART_REPOSITORY defined so using the default value of: http://jenkins-x-chartmuseum:8080
Adding missing Helm repo: storage.googleapis.com https://storage.googleapis.com/chartmuseum.jenkins-x.io
WARNING: No secrets found on "helm/repos" due: reading the secret "helm/repos" from vault: no secret "helm/repos" not found in vault
Read credentials for https://storage.googleapis.com/chartmuseum.jenkins-x.io from vault helm/repos
Successfully added Helm repository storage.googleapis.com.
Adding missing Helm repo: jenkins-x-chartmuseum http://jenkins-x-chartmuseum:8080
WARNING: No secrets found on "helm/repos" due: reading the secret "helm/repos" from vault: no secret "helm/repos" not found in vault
Read credentials for http://jenkins-x-chartmuseum:8080 from vault helm/repos
Successfully added Helm repository jenkins-x-chartmuseum.
WARNING: No $CHART_REPOSITORY defined so using the default value of: http://jenkins-x-chartmuseum:8080
Adding missing Helm repo: chartmuseum.jenkins-x.io http://chartmuseum.jenkins-x.io
WARNING: No secrets found on "helm/repos" due: reading the secret "helm/repos" from vault: no secret "helm/repos" not found in vault
Read credentials for http://chartmuseum.jenkins-x.io from vault helm/repos
Successfully added Helm repository chartmuseum.jenkins-x.io.
